Add Component: Footprint Not Found ece-RAD0.2
Add Component: Footprint Not Found ece-RAD0.2
Add Component: Footprint Not Found ece-RAD0.2
Add Component: Footprint Not Found ece-RAD0.2
Add Component: Footprint Not Found ece-RAD0.2
Add Component: Footprint Not Found ece-RAD0.2
Add Component: Footprint Not Found ece-HDR1X2
Add Component: Footprint Not Found ece-AXIAL0.4
Add Component: Footprint Not Found ece-AXIAL0.4
Add Component: Footprint Not Found ece-AXIAL0.4
Add Component: Footprint Not Found ece-AXIAL0.4
Add Component: Footprint Not Found ece-AXIAL0.4
Add Component: Footprint Not Found ece-AXIAL0.4
Add Component: Footprint Not Found ece-AXIAL0.4
Add Component: Footprint Not Found ece-AXIAL0.4
Add Component: Footprint Not Found ece-AXIAL0.4
Add Component: Footprint Not Found ece-TO-92
Add Pin To Net: Unknown Pin: Pin C1-1
Add Pin To Net: Unknown Pin: Pin C1-2
Add Pin To Net: Unknown Pin: Pin C2-1
Add Pin To Net: Unknown Pin: Pin C2-2
Add Pin To Net: Unknown Pin: Pin C3-1
Add Pin To Net: Unknown Pin: Pin C3-2
Add Pin To Net: Unknown Pin: Pin C4-1
Add Pin To Net: Unknown Pin: Pin C4-2
Add Pin To Net: Unknown Pin: Pin C5-1
Add Pin To Net: Unknown Pin: Pin C5-2
Add Pin To Net: Unknown Pin: Pin C6-1
Add Pin To Net: Unknown Pin: Pin C6-2
Add Pin To Net: Unknown Pin: Pin P1-1
Add Pin To Net: Unknown Pin: Pin P1-2
Add Pin To Net: Unknown Pin: Pin R1-1
Add Pin To Net: Unknown Pin: Pin R1-2
Add Pin To Net: Unknown Pin: Pin R2-1
Add Pin To Net: Unknown Pin: Pin R2-2
Add Pin To Net: Unknown Pin: Pin R3-1
Add Pin To Net: Unknown Pin: Pin R3-2
Add Pin To Net: Unknown Pin: Pin R4-1
Add Pin To Net: Unknown Pin: Pin R4-2
Add Pin To Net: Unknown Pin: Pin R5-1
Add Pin To Net: Unknown Pin: Pin R5-2
Add Pin To Net: Unknown Pin: Pin R6-1
Add Pin To Net: Unknown Pin: Pin R6-2
Add Pin To Net: Unknown Pin: Pin R7-1
Add Pin To Net: Unknown Pin: Pin R7-2
Add Pin To Net: Unknown Pin: Pin R8-1
Add Pin To Net: Unknown Pin: Pin R8-2
Add Pin To Net: Unknown Pin: Pin R9-1
Add Pin To Net: Unknown Pin: Pin R9-2
Add Pin To Net: Unknown Pin: Pin VR1-1
Add Pin To Net: Unknown Pin: Pin VR1-2
Add Pin To Net: Unknown Pin: Pin VR1-3
Add Class Member: Failed to add class member : Component C1 330nF
Add Class Member: Failed to add class member : Component C2 100nF
Add Class Member: Failed to add class member : Component C3 100nF
Add Class Member: Failed to add class member : Component C4 100nF
Add Class Member: Failed to add class member : Component C5 100nF
Add Class Member: Failed to add class member : Component C6 100nF
Add Class Member: Failed to add class member : Component P1 Batteries
Add Class Member: Failed to add class member : Component R1 10k
Add Class Member: Failed to add class member : Component R2 10k
Add Class Member: Failed to add class member : Component R3 10k
Add Class Member: Failed to add class member : Component R4 10k
Add Class Member: Failed to add class member : Component R5 10k
Add Class Member: Failed to add class member : Component R6 10k
Add Class Member: Failed to add class member : Component R7 82
Add Class Member: Failed to add class member : Component R8 150
Add Class Member: Failed to add class member : Component R9 82
Add Class Member: Failed to add class member : Component VR1 AS78L05ZTR-E1
